<?xml version="1.0" encoding="UTF-8"?>
<!-- Generated by org.testng.reporters.JUnitReportReporter -->
<testsuite hostname="DESKTOP-1TK4TSS" failures="0" tests="1" name="digitPrograms.VerifyTheGivenNumberIsPalindromOrNotTest" time="0.011" errors="0" timestamp="2023-06-21T12:22:55 IST" skipped="0">
  <testcase classname="digitPrograms.VerifyTheGivenNumberIsPalindromOrNotTest" name="palindromMethod" time="0.011"/>
  <system-out/>
</testsuite> <!-- digitPrograms.VerifyTheGivenNumberIsPalindromOrNotTest -->
