<?xml version="1.0" encoding="UTF-8"?>
<!-- Generated by org.testng.reporters.JUnitReportReporter -->
<testsuite hostname="DESKTOP-1TK4TSS" failures="0" tests="1" name="stringPrograms.FindTheLengthOfLongestSubstringWithoutRepeatingCharacterStringTest" time="0.013" errors="0" timestamp="2023-07-12T23:42:53 IST" skipped="0">
  <testcase classname="stringPrograms.FindTheLengthOfLongestSubstringWithoutRepeatingCharacterStringTest" name="test" time="0.013"/>
  <system-out/>
</testsuite> <!-- stringPrograms.FindTheLengthOfLongestSubstringWithoutRepeatingCharacterStringTest -->
