<?xml version="1.0" encoding="UTF-8"?>
<!-- Generated by org.testng.reporters.JUnitReportReporter -->
<testsuite hostname="DESKTOP-1TK4TSS" failures="0" tests="2" name="arrayPrograms.SortingArrayTest" time="0.020" errors="0" timestamp="2023-07-22T12:32:51 IST" skipped="0">
  <testcase classname="arrayPrograms.SortingArrayTest" name="sortInAscendingOrderTest" time="0.016"/>
  <system-out/>
  <testcase classname="arrayPrograms.SortingArrayTest" name="sortInDescendingOrderTest" time="0.004"/>
  <system-out/>
</testsuite> <!-- arrayPrograms.SortingArrayTest -->
