<?xml version="1.0" encoding="UTF-8"?>
<!-- Generated by org.testng.reporters.JUnitReportReporter -->
<testsuite hostname="DESKTOP-1TK4TSS" failures="0" tests="1" name="stringPrograms.PrintTheReverseStringTest" time="0.014" errors="0" timestamp="2023-07-22T12:56:02 IST" skipped="0">
  <testcase classname="stringPrograms.PrintTheReverseStringTest" name="reverseStringMethod" time="0.014"/>
  <system-out/>
</testsuite> <!-- stringPrograms.PrintTheReverseStringTest -->
