<?xml version="1.0" encoding="UTF-8"?>
<!-- Generated by org.testng.reporters.JUnitReportReporter -->
<testsuite hostname="DESKTOP-1TK4TSS" failures="0" tests="1" name="stringPrograms.PrintTheReverseStringAsItIsTest" time="0.015" errors="0" timestamp="2023-07-15T06:24:51 IST" skipped="0">
  <testcase classname="stringPrograms.PrintTheReverseStringAsItIsTest" name="printReverseString" time="0.015"/>
  <system-out/>
</testsuite> <!-- stringPrograms.PrintTheReverseStringAsItIsTest -->
