<?xml version="1.0" encoding="UTF-8"?>
<!-- Generated by org.testng.reporters.JUnitReportReporter -->
<testsuite hostname="DESKTOP-1TK4TSS" failures="0" tests="1" name="stringPrograms.CountTheCharacterHasRepeatedFromStringTest" time="0.012" errors="0" timestamp="2023-06-21T16:55:03 IST" skipped="0">
  <testcase classname="stringPrograms.CountTheCharacterHasRepeatedFromStringTest" name="countCharFromStringMethod" time="0.012"/>
  <system-out/>
</testsuite> <!-- stringPrograms.CountTheCharacterHasRepeatedFromStringTest -->
