<?xml version="1.0" encoding="UTF-8"?>
<!-- Generated by org.testng.reporters.JUnitReportReporter -->
<testsuite hostname="DESKTOP-1TK4TSS" failures="0" tests="1" name="digitPrograms.VerifyGivenNumberIsArmstrongNumberOrNotTest" time="0.012" errors="0" timestamp="2023-06-21T15:53:12 IST" skipped="0">
  <testcase classname="digitPrograms.VerifyGivenNumberIsArmstrongNumberOrNotTest" name="armstrongNumberMethod" time="0.012"/>
  <system-out/>
</testsuite> <!-- digitPrograms.VerifyGivenNumberIsArmstrongNumberOrNotTest -->
