<?xml version="1.0" encoding="UTF-8"?>
<!-- Generated by org.testng.reporters.JUnitReportReporter -->
<testsuite hostname="DESKTOP-1TK4TSS" failures="0" tests="1" name="stringPrograms.PreserveTheSpaceAndPrintReverseStringTest" time="0.015" errors="0" timestamp="2023-06-21T19:43:46 IST" skipped="0">
  <testcase classname="stringPrograms.PreserveTheSpaceAndPrintReverseStringTest" name="preserveTheSpaceStringMethod" time="0.015"/>
  <system-out/>
</testsuite> <!-- stringPrograms.PreserveTheSpaceAndPrintReverseStringTest -->
