<?xml version="1.0" encoding="UTF-8"?>
<!-- Generated by org.testng.reporters.JUnitReportReporter -->
<testsuite hostname="DESKTOP-1TK4TSS" failures="0" tests="1" name="digitPrograms.PrimeNumbersFromSeriesTest" time="0.024" errors="0" timestamp="2023-07-17T11:31:33 IST" skipped="0">
  <testcase classname="digitPrograms.PrimeNumbersFromSeriesTest" name="PrimeNumberTest" time="0.024"/>
  <system-out/>
</testsuite> <!-- digitPrograms.PrimeNumbersFromSeriesTest -->
