<?xml version="1.0" encoding="UTF-8"?>
<!-- Generated by org.testng.reporters.JUnitReportReporter -->
<testsuite hostname="DESKTOP-1TK4TSS" failures="0" tests="1" name="arrayPrograms.FindThePrimeNumberFromGivenArrayTest" time="0.011" errors="0" timestamp="2023-06-21T11:17:34 IST" skipped="0">
  <testcase classname="arrayPrograms.FindThePrimeNumberFromGivenArrayTest" name="findPrimeNumberMethod" time="0.011"/>
  <system-out/>
</testsuite> <!-- arrayPrograms.FindThePrimeNumberFromGivenArrayTest -->
