<?xml version="1.0" encoding="UTF-8"?>
<!-- Generated by org.testng.reporters.JUnitReportReporter -->
<testsuite hostname="DESKTOP-1TK4TSS" failures="0" tests="1" name="stringPrograms.VerifyGivenStringIsPalindromOrNotTest" time="0.013" errors="0" timestamp="2023-06-21T17:09:31 IST" skipped="0">
  <testcase classname="stringPrograms.VerifyGivenStringIsPalindromOrNotTest" name="palindromMethod" time="0.013"/>
  <system-out/>
</testsuite> <!-- stringPrograms.VerifyGivenStringIsPalindromOrNotTest -->
