<?xml version="1.0" encoding="UTF-8"?>
<!-- Generated by org.testng.reporters.JUnitReportReporter -->
<testsuite hostname="DESKTOP-1TK4TSS" failures="0" tests="1" name="stringPrograms.ReverseTheStringFromArrayTest" time="0.015" errors="0" timestamp="2023-07-22T12:53:14 IST" skipped="0">
  <testcase classname="stringPrograms.ReverseTheStringFromArrayTest" name="ReverseTheStringFromStringArrayMethod" time="0.015"/>
  <system-out/>
</testsuite> <!-- stringPrograms.ReverseTheStringFromArrayTest -->
